ç¬¬ 1 æŠ˜ / 5 æŠ˜

epoch: 1, loss: 47.84507
train_acc: 0.7395, time: 5.53
================ éªŒè¯æ€§èƒ½. Epoch[1] ================
[ACC,	Precision,	Recall,	F1,	AUC,	MCC]
0.7922,	0.0000,	0.0000,	0.0000,	0.5704,	0.0000
============================================================

epoch: 2, loss: 44.00982
train_acc: 0.7395, time: 2.36
================ éªŒè¯æ€§èƒ½. Epoch[2] ================
[ACC,	Precision,	Recall,	F1,	AUC,	MCC]
0.7922,	0.0000,	0.0000,	0.0000,	0.6363,	0.0000
============================================================

epoch: 3, loss: 40.97278
train_acc: 0.7395, time: 2.54
================ éªŒè¯æ€§èƒ½. Epoch[3] ================
[ACC,	Precision,	Recall,	F1,	AUC,	MCC]
0.7922,	0.0000,	0.0000,	0.0000,	0.6636,	0.0000
============================================================

epoch: 4, loss: 38.24191
train_acc: 0.7535, time: 2.19
================ éªŒè¯æ€§èƒ½. Epoch[4] ================
[ACC,	Precision,	Recall,	F1,	AUC,	MCC]
0.7859,	0.3000,	0.0226,	0.0420,	0.6662,	0.0286
============================================================

epoch: 5, loss: 35.56398
train_acc: 0.7668, time: 2.21
================ éªŒè¯æ€§èƒ½. Epoch[5] ================
[ACC,	Precision,	Recall,	F1,	AUC,	MCC]
0.7688,	0.3333,	0.1128,	0.1685,	0.6721,	0.0851
============================================================

epoch: 6, loss: 33.54518
train_acc: 0.7750, time: 2.17
================ éªŒè¯æ€§èƒ½. Epoch[6] ================
[ACC,	Precision,	Recall,	F1,	AUC,	MCC]
0.7609,	0.3438,	0.1654,	0.2234,	0.6886,	0.1117
============================================================

epoch: 7, loss: 31.96457
train_acc: 0.7883, time: 2.27
================ éªŒè¯æ€§èƒ½. Epoch[7] ================
[ACC,	Precision,	Recall,	F1,	AUC,	MCC]
0.7719,	0.4030,	0.2030,	0.2700,	0.6983,	0.1645
============================================================

epoch: 8, loss: 30.91158
train_acc: 0.7937, time: 2.33
================ éªŒè¯æ€§èƒ½. Epoch[8] ================
[ACC,	Precision,	Recall,	F1,	AUC,	MCC]
0.7719,	0.4030,	0.2030,	0.2700,	0.7044,	0.1645
============================================================

epoch: 9, loss: 29.94076
train_acc: 0.8027, time: 2.16
================ éªŒè¯æ€§èƒ½. Epoch[9] ================
[ACC,	Precision,	Recall,	F1,	AUC,	MCC]
0.7750,	0.4127,	0.1955,	0.2653,	0.7084,	0.1669
============================================================

epoch: 10, loss: 29.31818
train_acc: 0.8129, time: 2.17
================ éªŒè¯æ€§èƒ½. Epoch[10] ================
[ACC,	Precision,	Recall,	F1,	AUC,	MCC]
0.7672,	0.3857,	0.2030,	0.2660,	0.7107,	0.1537
============================================================

epoch: 11, loss: 28.05953
train_acc: 0.8180, time: 2.20
================ éªŒè¯æ€§èƒ½. Epoch[11] ================
[ACC,	Precision,	Recall,	F1,	AUC,	MCC]
0.7719,	0.4198,	0.2556,	0.3178,	0.7125,	0.1988
============================================================
æå‰åœæ­¢ï¼Œå¿è€å€¼å·²è¾¾åˆ° 5ã€‚
ç¬¬ 1 æŠ˜ å½“å‰æœ€ä½³éªŒè¯æ•ˆæœ (ACC): 0.7922
========================================
[31m         æµ‹è¯•ç»“æœ[0m
========================================
å‡†ç¡®ç‡ (ACC):      [31m0.7950[0m
ç²¾å‡†ç‡ (Precision): [31m0.6343[0m
å¬å›ç‡ (Recall):    [31m0.4250[0m
F1 å€¼:           [31m0.5090[0m
AUC å€¼:          [31m0.7580[0m
MCC å€¼:          [31m0.3981[0m
========================================
ç¬¬ 2 æŠ˜ / 5 æŠ˜

epoch: 1, loss: 39.32281
train_acc: 0.7527, time: 1.91
================ éªŒè¯æ€§èƒ½. Epoch[1] ================
[ACC,	Precision,	Recall,	F1,	AUC,	MCC]
0.7391,	0.0000,	0.0000,	0.0000,	0.5503,	0.0000
============================================================

epoch: 2, loss: 37.43335
train_acc: 0.7527, time: 1.90
================ éªŒè¯æ€§èƒ½. Epoch[2] ================
[ACC,	Precision,	Recall,	F1,	AUC,	MCC]
0.7391,	0.0000,	0.0000,	0.0000,	0.6179,	0.0000
============================================================

epoch: 3, loss: 36.21440
train_acc: 0.7527, time: 1.89
================ éªŒè¯æ€§èƒ½. Epoch[3] ================
[ACC,	Precision,	Recall,	F1,	AUC,	MCC]
0.7391,	0.0000,	0.0000,	0.0000,	0.6574,	0.0000
============================================================

epoch: 4, loss: 35.29327
train_acc: 0.7527, time: 1.89
================ éªŒè¯æ€§èƒ½. Epoch[4] ================
[ACC,	Precision,	Recall,	F1,	AUC,	MCC]
0.7391,	0.0000,	0.0000,	0.0000,	0.6841,	0.0000
============================================================

epoch: 5, loss: 34.32954
train_acc: 0.7738, time: 1.89
================ éªŒè¯æ€§èƒ½. Epoch[5] ================
[ACC,	Precision,	Recall,	F1,	AUC,	MCC]
0.7531,	0.5763,	0.2036,	0.3009,	0.6967,	0.2288
============================================================

epoch: 6, loss: 33.00828
train_acc: 0.7137, time: 1.91
================ éªŒè¯æ€§èƒ½. Epoch[6] ================
[ACC,	Precision,	Recall,	F1,	AUC,	MCC]
0.6813,	0.4192,	0.5749,	0.4848,	0.7092,	0.2690
============================================================

epoch: 7, loss: 31.68302
train_acc: 0.6855, time: 1.89
================ éªŒè¯æ€§èƒ½. Epoch[7] ================
[ACC,	Precision,	Recall,	F1,	AUC,	MCC]
0.6469,	0.4000,	0.7066,	0.5108,	0.7250,	0.2928
============================================================

epoch: 8, loss: 30.95313
train_acc: 0.6953, time: 1.88
================ éªŒè¯æ€§èƒ½. Epoch[8] ================
[ACC,	Precision,	Recall,	F1,	AUC,	MCC]
0.6625,	0.4140,	0.7066,	0.5221,	0.7378,	0.3124
============================================================

epoch: 9, loss: 29.84877
train_acc: 0.7023, time: 1.90
================ éªŒè¯æ€§èƒ½. Epoch[9] ================
[ACC,	Precision,	Recall,	F1,	AUC,	MCC]
0.6594,	0.4141,	0.7365,	0.5302,	0.7463,	0.3246
============================================================

epoch: 10, loss: 28.95735
train_acc: 0.7031, time: 1.89
================ éªŒè¯æ€§èƒ½. Epoch[10] ================
[ACC,	Precision,	Recall,	F1,	AUC,	MCC]
0.6516,	0.4091,	0.7545,	0.5305,	0.7544,	0.3249
============================================================

epoch: 11, loss: 27.96583
train_acc: 0.7250, time: 2.18
================ éªŒè¯æ€§èƒ½. Epoch[11] ================
[ACC,	Precision,	Recall,	F1,	AUC,	MCC]
0.6500,	0.4066,	0.7425,	0.5254,	0.7601,	0.3164
============================================================

epoch: 12, loss: 27.52572
train_acc: 0.7418, time: 2.20
================ éªŒè¯æ€§èƒ½. Epoch[12] ================
[ACC,	Precision,	Recall,	F1,	AUC,	MCC]
0.6594,	0.4118,	0.7126,	0.5219,	0.7625,	0.3116
============================================================
æå‰åœæ­¢ï¼Œå¿è€å€¼å·²è¾¾åˆ° 5ã€‚
ç¬¬ 2 æŠ˜ å½“å‰æœ€ä½³éªŒè¯æ•ˆæœ (ACC): 0.7531
========================================
[31m         æµ‹è¯•ç»“æœ[0m
========================================
å‡†ç¡®ç‡ (ACC):      [31m0.6737[0m
ç²¾å‡†ç‡ (Precision): [31m0.4146[0m
å¬å›ç‡ (Recall):    [31m0.7400[0m
F1 å€¼:           [31m0.5314[0m
AUC å€¼:          [31m0.7632[0m
MCC å€¼:          [31m0.3412[0m
========================================
ç¬¬ 3 æŠ˜ / 5 æŠ˜

epoch: 1, loss: 42.45313
train_acc: 0.7520, time: 2.23
================ éªŒè¯æ€§èƒ½. Epoch[1] ================
[ACC,	Precision,	Recall,	F1,	AUC,	MCC]
0.7422,	0.0000,	0.0000,	0.0000,	0.5694,	0.0000
============================================================

epoch: 2, loss: 39.44364
train_acc: 0.7520, time: 2.22
================ éªŒè¯æ€§èƒ½. Epoch[2] ================
[ACC,	Precision,	Recall,	F1,	AUC,	MCC]
0.7422,	0.0000,	0.0000,	0.0000,	0.6423,	0.0000
============================================================

epoch: 3, loss: 37.34873
train_acc: 0.7535, time: 2.20
================ éªŒè¯æ€§èƒ½. Epoch[3] ================
[ACC,	Precision,	Recall,	F1,	AUC,	MCC]
0.7422,	0.0000,	0.0000,	0.0000,	0.6826,	0.0000
============================================================

epoch: 4, loss: 35.68839
train_acc: 0.7715, time: 2.56
================ éªŒè¯æ€§èƒ½. Epoch[4] ================
[ACC,	Precision,	Recall,	F1,	AUC,	MCC]
0.7453,	0.5227,	0.1394,	0.2201,	0.7008,	0.1646
============================================================

epoch: 5, loss: 33.76112
train_acc: 0.7352, time: 2.63
================ éªŒè¯æ€§èƒ½. Epoch[5] ================
[ACC,	Precision,	Recall,	F1,	AUC,	MCC]
0.7250,	0.4721,	0.5636,	0.5138,	0.7156,	0.3266
============================================================

epoch: 6, loss: 32.43317
train_acc: 0.7082, time: 2.70
================ éªŒè¯æ€§èƒ½. Epoch[6] ================
[ACC,	Precision,	Recall,	F1,	AUC,	MCC]
0.6906,	0.4327,	0.6424,	0.5171,	0.7262,	0.3148
============================================================

epoch: 7, loss: 31.18714
train_acc: 0.7418, time: 2.67
================ éªŒè¯æ€§èƒ½. Epoch[7] ================
[ACC,	Precision,	Recall,	F1,	AUC,	MCC]
0.7031,	0.4429,	0.5879,	0.5052,	0.7327,	0.3052
============================================================

epoch: 8, loss: 30.19688
train_acc: 0.7613, time: 2.62
================ éªŒè¯æ€§èƒ½. Epoch[8] ================
[ACC,	Precision,	Recall,	F1,	AUC,	MCC]
0.7078,	0.4471,	0.5636,	0.4987,	0.7377,	0.3003
============================================================

epoch: 9, loss: 29.75114
train_acc: 0.7688, time: 2.65
================ éªŒè¯æ€§èƒ½. Epoch[9] ================
[ACC,	Precision,	Recall,	F1,	AUC,	MCC]
0.7219,	0.4670,	0.5576,	0.5083,	0.7380,	0.3189
============================================================

epoch: 10, loss: 29.35625
train_acc: 0.7910, time: 2.46
================ éªŒè¯æ€§èƒ½. Epoch[10] ================
[ACC,	Precision,	Recall,	F1,	AUC,	MCC]
0.7391,	0.4940,	0.4970,	0.4955,	0.7385,	0.3195
============================================================

epoch: 11, loss: 28.33478
train_acc: 0.7930, time: 2.25
================ éªŒè¯æ€§èƒ½. Epoch[11] ================
[ACC,	Precision,	Recall,	F1,	AUC,	MCC]
0.7359,	0.4886,	0.5212,	0.5044,	0.7442,	0.3250
============================================================
æå‰åœæ­¢ï¼Œå¿è€å€¼å·²è¾¾åˆ° 5ã€‚
ç¬¬ 3 æŠ˜ å½“å‰æœ€ä½³éªŒè¯æ•ˆæœ (ACC): 0.7453
========================================
[31m         æµ‹è¯•ç»“æœ[0m
========================================
å‡†ç¡®ç‡ (ACC):      [31m0.7675[0m
ç²¾å‡†ç‡ (Precision): [31m0.5340[0m
å¬å›ç‡ (Recall):    [31m0.5500[0m
F1 å€¼:           [31m0.5419[0m
AUC å€¼:          [31m0.7704[0m
MCC å€¼:          [31m0.3862[0m
========================================
ç¬¬ 4 æŠ˜ / 5 æŠ˜

epoch: 1, loss: 69.85669
train_acc: 0.2477, time: 2.25
================ éªŒè¯æ€§èƒ½. Epoch[1] ================
[ACC,	Precision,	Recall,	F1,	AUC,	MCC]
0.2594,	0.2594,	1.0000,	0.4119,	0.5897,	0.0000
============================================================

epoch: 2, loss: 63.00833
train_acc: 0.2477, time: 2.21
================ éªŒè¯æ€§èƒ½. Epoch[2] ================
[ACC,	Precision,	Recall,	F1,	AUC,	MCC]
0.2594,	0.2594,	1.0000,	0.4119,	0.6273,	0.0000
============================================================

epoch: 3, loss: 56.89465
train_acc: 0.2477, time: 2.58
================ éªŒè¯æ€§èƒ½. Epoch[3] ================
[ACC,	Precision,	Recall,	F1,	AUC,	MCC]
0.2594,	0.2594,	1.0000,	0.4119,	0.6541,	0.0000
============================================================

epoch: 4, loss: 50.74258
train_acc: 0.2477, time: 2.71
================ éªŒè¯æ€§èƒ½. Epoch[4] ================
[ACC,	Precision,	Recall,	F1,	AUC,	MCC]
0.2594,	0.2594,	1.0000,	0.4119,	0.6660,	0.0000
============================================================

epoch: 5, loss: 44.08117
train_acc: 0.7543, time: 2.25
================ éªŒè¯æ€§èƒ½. Epoch[5] ================
[ACC,	Precision,	Recall,	F1,	AUC,	MCC]
0.7109,	0.4215,	0.3072,	0.3554,	0.6710,	0.1786
============================================================

epoch: 6, loss: 39.09889
train_acc: 0.7523, time: 2.32
================ éªŒè¯æ€§èƒ½. Epoch[6] ================
[ACC,	Precision,	Recall,	F1,	AUC,	MCC]
0.7406,	0.0000,	0.0000,	0.0000,	0.6891,	0.0000
============================================================
æå‰åœæ­¢ï¼Œå¿è€å€¼å·²è¾¾åˆ° 5ã€‚
ç¬¬ 4 æŠ˜ å½“å‰æœ€ä½³éªŒè¯æ•ˆæœ (ACC): 0.7406
========================================
[31m         æµ‹è¯•ç»“æœ[0m
========================================
å‡†ç¡®ç‡ (ACC):      [31m0.7500[0m
ç²¾å‡†ç‡ (Precision): [31m0.0000[0m
å¬å›ç‡ (Recall):    [31m0.0000[0m
F1 å€¼:           [31m0.0000[0m
AUC å€¼:          [31m0.6902[0m
MCC å€¼:          [31m0.0000[0m
========================================
ç¬¬ 5 æŠ˜ / 5 æŠ˜

epoch: 1, loss: 46.05867
train_acc: 0.3316, time: 2.14
================ éªŒè¯æ€§èƒ½. Epoch[1] ================
[ACC,	Precision,	Recall,	F1,	AUC,	MCC]
0.3438,	0.2787,	0.9349,	0.4293,	0.5899,	0.0923
============================================================

epoch: 2, loss: 42.35816
train_acc: 0.7441, time: 2.18
================ éªŒè¯æ€§èƒ½. Epoch[2] ================
[ACC,	Precision,	Recall,	F1,	AUC,	MCC]
0.7406,	0.5217,	0.2130,	0.3025,	0.6385,	0.2032
============================================================

epoch: 3, loss: 39.44695
train_acc: 0.7547, time: 2.17
================ éªŒè¯æ€§èƒ½. Epoch[3] ================
[ACC,	Precision,	Recall,	F1,	AUC,	MCC]
0.7438,	1.0000,	0.0296,	0.0575,	0.6597,	0.1481
============================================================

epoch: 4, loss: 37.20164
train_acc: 0.7578, time: 2.20
================ éªŒè¯æ€§èƒ½. Epoch[4] ================
[ACC,	Precision,	Recall,	F1,	AUC,	MCC]
0.7453,	0.8000,	0.0473,	0.0894,	0.6662,	0.1532
============================================================

epoch: 5, loss: 35.62602
train_acc: 0.7609, time: 2.20
================ éªŒè¯æ€§èƒ½. Epoch[5] ================
[ACC,	Precision,	Recall,	F1,	AUC,	MCC]
0.7359,	0.5000,	0.1716,	0.2555,	0.6659,	0.1690
============================================================

epoch: 6, loss: 34.03146
train_acc: 0.7430, time: 2.21
================ éªŒè¯æ€§èƒ½. Epoch[6] ================
[ACC,	Precision,	Recall,	F1,	AUC,	MCC]
0.7016,	0.4257,	0.3728,	0.3975,	0.6709,	0.2011
============================================================
æå‰åœæ­¢ï¼Œå¿è€å€¼å·²è¾¾åˆ° 5ã€‚
ç¬¬ 5 æŠ˜ å½“å‰æœ€ä½³éªŒè¯æ•ˆæœ (ACC): 0.7453
========================================
[31m         æµ‹è¯•ç»“æœ[0m
========================================
å‡†ç¡®ç‡ (ACC):      [31m0.7350[0m
ç²¾å‡†ç‡ (Precision): [31m0.4630[0m
å¬å›ç‡ (Recall):    [31m0.3750[0m
F1 å€¼:           [31m0.4144[0m
AUC å€¼:          [31m0.7014[0m
MCC å€¼:          [31m0.2478[0m
========================================
ç¬¬ 1 æŠ˜æµ‹è¯•ç»“æœ: [ACC: 0.7950, Precision: 0.6343, Recall: 0.4250, F1: 0.5090, AUC: 0.7580, MCC: 0.3981]
ç¬¬ 2 æŠ˜æµ‹è¯•ç»“æœ: [ACC: 0.6737, Precision: 0.4146, Recall: 0.7400, F1: 0.5314, AUC: 0.7632, MCC: 0.3412]
ç¬¬ 3 æŠ˜æµ‹è¯•ç»“æœ: [ACC: 0.7675, Precision: 0.5340, Recall: 0.5500, F1: 0.5419, AUC: 0.7704, MCC: 0.3862]
ç¬¬ 4 æŠ˜æµ‹è¯•ç»“æœ: [ACC: 0.7500, Precision: 0.0000, Recall: 0.0000, F1: 0.0000, AUC: 0.6902, MCC: 0.0000]
ç¬¬ 5 æŠ˜æµ‹è¯•ç»“æœ: [ACC: 0.7350, Precision: 0.4630, Recall: 0.3750, F1: 0.4144, AUC: 0.7014, MCC: 0.2478]
æœ€ä½³æ¨¡å‹ä¿å­˜ä¸º: ./Task1Model/best_model_fold_1_acc_0.7922.pt
ç¬¬ 1 æŠ˜ / 5 æŠ˜

epoch: 1, loss: 44.05235
train_acc: 0.7395, time: 5.54
================ éªŒè¯æ€§èƒ½. Epoch[1] ================
[ACC,	Precision,	Recall,	F1,	AUC,	MCC]
0.7891,	0.4167,	0.0376,	0.0690,	0.5895,	0.0712
============================================================

epoch: 2, loss: 40.93824
train_acc: 0.7395, time: 2.15
================ éªŒè¯æ€§èƒ½. Epoch[2] ================
[ACC,	Precision,	Recall,	F1,	AUC,	MCC]
0.7922,	0.0000,	0.0000,	0.0000,	0.6468,	0.0000
============================================================

epoch: 3, loss: 38.50016
train_acc: 0.7391, time: 2.15
================ éªŒè¯æ€§èƒ½. Epoch[3] ================
[ACC,	Precision,	Recall,	F1,	AUC,	MCC]
0.7922,	0.0000,	0.0000,	0.0000,	0.6741,	0.0000
============================================================

epoch: 4, loss: 36.71035
train_acc: 0.7566, time: 2.18
================ éªŒè¯æ€§èƒ½. Epoch[4] ================
[ACC,	Precision,	Recall,	F1,	AUC,	MCC]
0.7891,	0.4643,	0.0977,	0.1615,	0.6865,	0.1352
============================================================

epoch: 5, loss: 34.85465
train_acc: 0.7305, time: 2.22
================ éªŒè¯æ€§èƒ½. Epoch[5] ================
[ACC,	Precision,	Recall,	F1,	AUC,	MCC]
0.7219,	0.3714,	0.4887,	0.4221,	0.6900,	0.2474
============================================================

epoch: 6, loss: 33.23726
train_acc: 0.7102, time: 2.17
================ éªŒè¯æ€§èƒ½. Epoch[6] ================
[ACC,	Precision,	Recall,	F1,	AUC,	MCC]
0.6453,	0.3220,	0.6391,	0.4282,	0.6973,	0.2358
============================================================

epoch: 7, loss: 31.23644
train_acc: 0.7406, time: 2.18
================ éªŒè¯æ€§èƒ½. Epoch[7] ================
[ACC,	Precision,	Recall,	F1,	AUC,	MCC]
0.6906,	0.3516,	0.5789,	0.4375,	0.7066,	0.2556
============================================================

epoch: 8, loss: 30.44454
train_acc: 0.7520, time: 2.12
================ éªŒè¯æ€§èƒ½. Epoch[8] ================
[ACC,	Precision,	Recall,	F1,	AUC,	MCC]
0.6906,	0.3529,	0.5865,	0.4407,	0.7137,	0.2598
============================================================

epoch: 9, loss: 29.50233
train_acc: 0.7672, time: 2.17
================ éªŒè¯æ€§èƒ½. Epoch[9] ================
[ACC,	Precision,	Recall,	F1,	AUC,	MCC]
0.7203,	0.3915,	0.6241,	0.4812,	0.7236,	0.3186
============================================================

epoch: 10, loss: 28.67682
train_acc: 0.7844, time: 2.16
================ éªŒè¯æ€§èƒ½. Epoch[10] ================
[ACC,	Precision,	Recall,	F1,	AUC,	MCC]
0.7250,	0.3930,	0.5940,	0.4731,	0.7216,	0.3089
============================================================

epoch: 11, loss: 27.31505
train_acc: 0.7832, time: 2.14
================ éªŒè¯æ€§èƒ½. Epoch[11] ================
[ACC,	Precision,	Recall,	F1,	AUC,	MCC]
0.7156,	0.3860,	0.6241,	0.4770,	0.7270,	0.3124
============================================================
æå‰åœæ­¢ï¼Œå¿è€å€¼å·²è¾¾åˆ° 5ã€‚
ç¬¬ 1 æŠ˜ å½“å‰æœ€ä½³éªŒè¯æ•ˆæœ (ACC): 0.7922
========================================
[31m         æµ‹è¯•ç»“æœ[0m
========================================
å‡†ç¡®ç‡ (ACC):      [31m0.7087[0m
ç²¾å‡†ç‡ (Precision): [31m0.4421[0m
å¬å›ç‡ (Recall):    [31m0.6300[0m
F1 å€¼:           [31m0.5196[0m
AUC å€¼:          [31m0.7621[0m
MCC å€¼:          [31m0.3300[0m
========================================
ç¬¬ 2 æŠ˜ / 5 æŠ˜

epoch: 1, loss: 43.70231
train_acc: 0.4102, time: 2.22
================ éªŒè¯æ€§èƒ½. Epoch[1] ================
[ACC,	Precision,	Recall,	F1,	AUC,	MCC]
0.4047,	0.2789,	0.8084,	0.4147,	0.5469,	0.0722
============================================================

epoch: 2, loss: 40.68510
train_acc: 0.7527, time: 2.12
================ éªŒè¯æ€§èƒ½. Epoch[2] ================
[ACC,	Precision,	Recall,	F1,	AUC,	MCC]
0.7391,	0.0000,	0.0000,	0.0000,	0.6117,	0.0000
============================================================

epoch: 3, loss: 38.53763
train_acc: 0.7527, time: 2.14
================ éªŒè¯æ€§èƒ½. Epoch[3] ================
[ACC,	Precision,	Recall,	F1,	AUC,	MCC]
0.7391,	0.0000,	0.0000,	0.0000,	0.6795,	0.0000
============================================================

epoch: 4, loss: 36.95083
train_acc: 0.7535, time: 2.19
================ éªŒè¯æ€§èƒ½. Epoch[4] ================
[ACC,	Precision,	Recall,	F1,	AUC,	MCC]
0.7406,	1.0000,	0.0060,	0.0119,	0.7277,	0.0666
============================================================

epoch: 5, loss: 35.66272
train_acc: 0.7609, time: 2.17
================ éªŒè¯æ€§èƒ½. Epoch[5] ================
[ACC,	Precision,	Recall,	F1,	AUC,	MCC]
0.7531,	0.6957,	0.0958,	0.1684,	0.7389,	0.1911
============================================================

epoch: 6, loss: 34.12704
train_acc: 0.7367, time: 2.11
================ éªŒè¯æ€§èƒ½. Epoch[6] ================
[ACC,	Precision,	Recall,	F1,	AUC,	MCC]
0.7328,	0.4880,	0.4850,	0.4865,	0.7442,	0.3059
============================================================
æå‰åœæ­¢ï¼Œå¿è€å€¼å·²è¾¾åˆ° 5ã€‚
ç¬¬ 2 æŠ˜ å½“å‰æœ€ä½³éªŒè¯æ•ˆæœ (ACC): 0.7531
========================================
[31m         æµ‹è¯•ç»“æœ[0m
========================================
å‡†ç¡®ç‡ (ACC):      [31m0.7175[0m
ç²¾å‡†ç‡ (Precision): [31m0.4381[0m
å¬å›ç‡ (Recall):    [31m0.4600[0m
F1 å€¼:           [31m0.4488[0m
AUC å€¼:          [31m0.7009[0m
MCC å€¼:          [31m0.2592[0m
========================================
ç¬¬ 3 æŠ˜ / 5 æŠ˜

epoch: 1, loss: 42.57920
train_acc: 0.7520, time: 2.21
================ éªŒè¯æ€§èƒ½. Epoch[1] ================
[ACC,	Precision,	Recall,	F1,	AUC,	MCC]
0.7422,	0.0000,	0.0000,	0.0000,	0.6008,	0.0000
============================================================

epoch: 2, loss: 39.83666
train_acc: 0.7520, time: 2.15
================ éªŒè¯æ€§èƒ½. Epoch[2] ================
[ACC,	Precision,	Recall,	F1,	AUC,	MCC]
0.7422,	0.0000,	0.0000,	0.0000,	0.6563,	0.0000
============================================================

epoch: 3, loss: 37.79210
train_acc: 0.7520, time: 2.20
================ éªŒè¯æ€§èƒ½. Epoch[3] ================
[ACC,	Precision,	Recall,	F1,	AUC,	MCC]
0.7422,	0.0000,	0.0000,	0.0000,	0.6948,	0.0000
============================================================

epoch: 4, loss: 36.18971
train_acc: 0.7520, time: 2.13
================ éªŒè¯æ€§èƒ½. Epoch[4] ================
[ACC,	Precision,	Recall,	F1,	AUC,	MCC]
0.7422,	0.0000,	0.0000,	0.0000,	0.7236,	0.0000
============================================================

epoch: 5, loss: 34.60993
train_acc: 0.7684, time: 2.27
================ éªŒè¯æ€§èƒ½. Epoch[5] ================
[ACC,	Precision,	Recall,	F1,	AUC,	MCC]
0.7375,	0.4286,	0.0545,	0.0968,	0.7422,	0.0719
============================================================

epoch: 6, loss: 32.74057
train_acc: 0.7711, time: 2.26
================ éªŒè¯æ€§èƒ½. Epoch[6] ================
[ACC,	Precision,	Recall,	F1,	AUC,	MCC]
0.7453,	0.5083,	0.3697,	0.4281,	0.7482,	0.2751
============================================================

epoch: 7, loss: 31.36562
train_acc: 0.7758, time: 2.25
================ éªŒè¯æ€§èƒ½. Epoch[7] ================
[ACC,	Precision,	Recall,	F1,	AUC,	MCC]
0.7328,	0.4800,	0.4364,	0.4571,	0.7507,	0.2810
============================================================

epoch: 8, loss: 30.36686
train_acc: 0.7863, time: 2.16
================ éªŒè¯æ€§èƒ½. Epoch[8] ================
[ACC,	Precision,	Recall,	F1,	AUC,	MCC]
0.7484,	0.5137,	0.4545,	0.4823,	0.7512,	0.3180
============================================================

epoch: 9, loss: 29.65822
train_acc: 0.7906, time: 2.11
================ éªŒè¯æ€§èƒ½. Epoch[9] ================
[ACC,	Precision,	Recall,	F1,	AUC,	MCC]
0.7391,	0.4933,	0.4485,	0.4698,	0.7502,	0.2979
============================================================

epoch: 10, loss: 28.73490
train_acc: 0.7941, time: 2.11
================ éªŒè¯æ€§èƒ½. Epoch[10] ================
[ACC,	Precision,	Recall,	F1,	AUC,	MCC]
0.7312,	0.4798,	0.5030,	0.4911,	0.7537,	0.3088
============================================================

epoch: 11, loss: 27.69754
train_acc: 0.8051, time: 2.10
================ éªŒè¯æ€§èƒ½. Epoch[11] ================
[ACC,	Precision,	Recall,	F1,	AUC,	MCC]
0.7266,	0.4713,	0.4970,	0.4838,	0.7550,	0.2982
============================================================

epoch: 12, loss: 26.78679
train_acc: 0.8199, time: 2.09
================ éªŒè¯æ€§èƒ½. Epoch[12] ================
[ACC,	Precision,	Recall,	F1,	AUC,	MCC]
0.7328,	0.4819,	0.4848,	0.4834,	0.7541,	0.3032
============================================================

epoch: 13, loss: 26.09607
train_acc: 0.8375, time: 2.08
================ éªŒè¯æ€§èƒ½. Epoch[13] ================
[ACC,	Precision,	Recall,	F1,	AUC,	MCC]
0.7281,	0.4731,	0.4788,	0.4759,	0.7506,	0.2924
============================================================

epoch: 14, loss: 24.33103
train_acc: 0.8582, time: 2.14
================ éªŒè¯æ€§èƒ½. Epoch[14] ================
[ACC,	Precision,	Recall,	F1,	AUC,	MCC]
0.7266,	0.4728,	0.5273,	0.4986,	0.7505,	0.3122
============================================================

epoch: 15, loss: 23.08909
train_acc: 0.8773, time: 2.10
================ éªŒè¯æ€§èƒ½. Epoch[15] ================
[ACC,	Precision,	Recall,	F1,	AUC,	MCC]
0.7172,	0.4588,	0.5394,	0.4958,	0.7509,	0.3030
============================================================

epoch: 16, loss: 21.61966
train_acc: 0.9023, time: 2.12
================ éªŒè¯æ€§èƒ½. Epoch[16] ================
[ACC,	Precision,	Recall,	F1,	AUC,	MCC]
0.7234,	0.4659,	0.4970,	0.4809,	0.7372,	0.2930
============================================================

epoch: 17, loss: 19.91944
train_acc: 0.9250, time: 2.12
================ éªŒè¯æ€§èƒ½. Epoch[17] ================
[ACC,	Precision,	Recall,	F1,	AUC,	MCC]
0.7266,	0.4691,	0.4606,	0.4648,	0.7303,	0.2812
============================================================

epoch: 18, loss: 17.55355
train_acc: 0.9367, time: 2.16
================ éªŒè¯æ€§èƒ½. Epoch[18] ================
[ACC,	Precision,	Recall,	F1,	AUC,	MCC]
0.7094,	0.4439,	0.5030,	0.4716,	0.7276,	0.2733
============================================================

epoch: 19, loss: 16.02577
train_acc: 0.9469, time: 2.17
================ éªŒè¯æ€§èƒ½. Epoch[19] ================
[ACC,	Precision,	Recall,	F1,	AUC,	MCC]
0.6984,	0.4307,	0.5273,	0.4741,	0.7158,	0.2684
============================================================

epoch: 20, loss: 13.77188
train_acc: 0.9633, time: 2.14
================ éªŒè¯æ€§èƒ½. Epoch[20] ================
[ACC,	Precision,	Recall,	F1,	AUC,	MCC]
0.7000,	0.4286,	0.4909,	0.4576,	0.7139,	0.2527
============================================================

epoch: 21, loss: 11.87510
train_acc: 0.9695, time: 2.16
================ éªŒè¯æ€§èƒ½. Epoch[21] ================
[ACC,	Precision,	Recall,	F1,	AUC,	MCC]
0.6891,	0.4206,	0.5455,	0.4749,	0.7059,	0.2637
============================================================

epoch: 22, loss: 10.17947
train_acc: 0.9805, time: 2.09
================ éªŒè¯æ€§èƒ½. Epoch[22] ================
[ACC,	Precision,	Recall,	F1,	AUC,	MCC]
0.6797,	0.4010,	0.4909,	0.4414,	0.7041,	0.2223
============================================================

epoch: 23, loss: 8.75546
train_acc: 0.9914, time: 2.12
================ éªŒè¯æ€§èƒ½. Epoch[23] ================
[ACC,	Precision,	Recall,	F1,	AUC,	MCC]
0.7016,	0.4309,	0.4909,	0.4589,	0.6965,	0.2551
============================================================

epoch: 24, loss: 7.69219
train_acc: 0.9914, time: 2.08
================ éªŒè¯æ€§èƒ½. Epoch[24] ================
[ACC,	Precision,	Recall,	F1,	AUC,	MCC]
0.6859,	0.4109,	0.5030,	0.4523,	0.6958,	0.2377
============================================================

epoch: 25, loss: 6.58725
train_acc: 0.9969, time: 2.13
================ éªŒè¯æ€§èƒ½. Epoch[25] ================
[ACC,	Precision,	Recall,	F1,	AUC,	MCC]
0.6859,	0.4053,	0.4667,	0.4338,	0.6849,	0.2190
============================================================

epoch: 26, loss: 4.86275
train_acc: 0.9980, time: 2.15
================ éªŒè¯æ€§èƒ½. Epoch[26] ================
[ACC,	Precision,	Recall,	F1,	AUC,	MCC]
0.6937,	0.4144,	0.4545,	0.4335,	0.6782,	0.2247
============================================================

epoch: 27, loss: 4.45372
train_acc: 0.9984, time: 2.20
================ éªŒè¯æ€§èƒ½. Epoch[27] ================
[ACC,	Precision,	Recall,	F1,	AUC,	MCC]
0.6859,	0.4100,	0.4970,	0.4493,	0.6781,	0.2346
============================================================
æå‰åœæ­¢ï¼Œå¿è€å€¼å·²è¾¾åˆ° 5ã€‚
ç¬¬ 3 æŠ˜ å½“å‰æœ€ä½³éªŒè¯æ•ˆæœ (ACC): 0.7484
========================================
[31m         æµ‹è¯•ç»“æœ[0m
========================================
å‡†ç¡®ç‡ (ACC):      [31m0.6813[0m
ç²¾å‡†ç‡ (Precision): [31m0.3878[0m
å¬å›ç‡ (Recall):    [31m0.4750[0m
F1 å€¼:           [31m0.4270[0m
AUC å€¼:          [31m0.6585[0m
MCC å€¼:          [31m0.2114[0m
========================================
ç¬¬ 4 æŠ˜ / 5 æŠ˜

epoch: 1, loss: 46.64943
train_acc: 0.7523, time: 2.22
================ éªŒè¯æ€§èƒ½. Epoch[1] ================
[ACC,	Precision,	Recall,	F1,	AUC,	MCC]
0.7359,	0.4483,	0.0783,	0.1333,	0.5782,	0.0939
============================================================

epoch: 2, loss: 42.66756
train_acc: 0.7578, time: 2.18
================ éªŒè¯æ€§èƒ½. Epoch[2] ================
[ACC,	Precision,	Recall,	F1,	AUC,	MCC]
0.7453,	0.8000,	0.0241,	0.0468,	0.6674,	0.1095
============================================================

epoch: 3, loss: 39.35845
train_acc: 0.7594, time: 2.14
================ éªŒè¯æ€§èƒ½. Epoch[3] ================
[ACC,	Precision,	Recall,	F1,	AUC,	MCC]
0.7406,	0.5000,	0.0241,	0.0460,	0.7215,	0.0618
============================================================

epoch: 4, loss: 36.66767
train_acc: 0.7488, time: 2.21
================ éªŒè¯æ€§èƒ½. Epoch[4] ================
[ACC,	Precision,	Recall,	F1,	AUC,	MCC]
0.7500,	0.5250,	0.3795,	0.4406,	0.7352,	0.2911
============================================================

epoch: 5, loss: 34.17730
train_acc: 0.7504, time: 2.12
================ éªŒè¯æ€§èƒ½. Epoch[5] ================
[ACC,	Precision,	Recall,	F1,	AUC,	MCC]
0.7438,	0.5060,	0.5060,	0.5060,	0.7488,	0.3330
============================================================

epoch: 6, loss: 32.80115
train_acc: 0.7672, time: 2.12
================ éªŒè¯æ€§èƒ½. Epoch[6] ================
[ACC,	Precision,	Recall,	F1,	AUC,	MCC]
0.7562,	0.5309,	0.5181,	0.5244,	0.7583,	0.3606
============================================================
æå‰åœæ­¢ï¼Œå¿è€å€¼å·²è¾¾åˆ° 5ã€‚
ç¬¬ 4 æŠ˜ å½“å‰æœ€ä½³éªŒè¯æ•ˆæœ (ACC): 0.7562
========================================
[31m         æµ‹è¯•ç»“æœ[0m
========================================
å‡†ç¡®ç‡ (ACC):      [31m0.7562[0m
ç²¾å‡†ç‡ (Precision): [31m0.5131[0m
å¬å›ç‡ (Recall):    [31m0.4900[0m
F1 å€¼:           [31m0.5013[0m
AUC å€¼:          [31m0.7491[0m
MCC å€¼:          [31m0.3403[0m
========================================
ç¬¬ 5 æŠ˜ / 5 æŠ˜

epoch: 1, loss: 41.73416
train_acc: 0.7535, time: 2.14
================ éªŒè¯æ€§èƒ½. Epoch[1] ================
[ACC,	Precision,	Recall,	F1,	AUC,	MCC]
0.7359,	0.0000,	0.0000,	0.0000,	0.5679,	0.0000
============================================================

epoch: 2, loss: 38.84934
train_acc: 0.7535, time: 2.17
================ éªŒè¯æ€§èƒ½. Epoch[2] ================
[ACC,	Precision,	Recall,	F1,	AUC,	MCC]
0.7359,	0.0000,	0.0000,	0.0000,	0.6354,	0.0000
============================================================

epoch: 3, loss: 36.63919
train_acc: 0.7535, time: 2.13
================ éªŒè¯æ€§èƒ½. Epoch[3] ================
[ACC,	Precision,	Recall,	F1,	AUC,	MCC]
0.7375,	1.0000,	0.0059,	0.0118,	0.6642,	0.0660
============================================================

epoch: 4, loss: 35.08479
train_acc: 0.7648, time: 2.12
================ éªŒè¯æ€§èƒ½. Epoch[4] ================
[ACC,	Precision,	Recall,	F1,	AUC,	MCC]
0.7453,	0.6667,	0.0710,	0.1283,	0.6823,	0.1554
============================================================

epoch: 5, loss: 33.70552
train_acc: 0.7727, time: 2.11
================ éªŒè¯æ€§èƒ½. Epoch[5] ================
[ACC,	Precision,	Recall,	F1,	AUC,	MCC]
0.7328,	0.4872,	0.2249,	0.3077,	0.6955,	0.1886
============================================================

epoch: 6, loss: 32.20785
train_acc: 0.7504, time: 2.11
================ éªŒè¯æ€§èƒ½. Epoch[6] ================
[ACC,	Precision,	Recall,	F1,	AUC,	MCC]
0.7094,	0.4485,	0.4379,	0.4431,	0.7155,	0.2466
============================================================

epoch: 7, loss: 30.75050
train_acc: 0.7457, time: 2.11
================ éªŒè¯æ€§èƒ½. Epoch[7] ================
[ACC,	Precision,	Recall,	F1,	AUC,	MCC]
0.7156,	0.4689,	0.5799,	0.5185,	0.7324,	0.3236
============================================================

epoch: 8, loss: 29.87743
train_acc: 0.7625, time: 2.32
================ éªŒè¯æ€§èƒ½. Epoch[8] ================
[ACC,	Precision,	Recall,	F1,	AUC,	MCC]
0.7281,	0.4878,	0.5917,	0.5348,	0.7448,	0.3484
============================================================

epoch: 9, loss: 28.74510
train_acc: 0.7645, time: 2.30
================ éªŒè¯æ€§èƒ½. Epoch[9] ================
[ACC,	Precision,	Recall,	F1,	AUC,	MCC]
0.7172,	0.4725,	0.6095,	0.5323,	0.7515,	0.3398
============================================================

epoch: 10, loss: 28.06829
train_acc: 0.7840, time: 2.29
================ éªŒè¯æ€§èƒ½. Epoch[10] ================
[ACC,	Precision,	Recall,	F1,	AUC,	MCC]
0.7359,	0.5000,	0.6036,	0.5469,	0.7561,	0.3661
============================================================

epoch: 11, loss: 27.08850
train_acc: 0.7953, time: 2.29
================ éªŒè¯æ€§èƒ½. Epoch[11] ================
[ACC,	Precision,	Recall,	F1,	AUC,	MCC]
0.7281,	0.4877,	0.5858,	0.5323,	0.7559,	0.3457
============================================================
æå‰åœæ­¢ï¼Œå¿è€å€¼å·²è¾¾åˆ° 5ã€‚
ç¬¬ 5 æŠ˜ å½“å‰æœ€ä½³éªŒè¯æ•ˆæœ (ACC): 0.7453
========================================
[31m         æµ‹è¯•ç»“æœ[0m
========================================
å‡†ç¡®ç‡ (ACC):      [31m0.7588[0m
ç²¾å‡†ç‡ (Precision): [31m0.5141[0m
å¬å›ç‡ (Recall):    [31m0.6400[0m
F1 å€¼:           [31m0.5702[0m
AUC å€¼:          [31m0.7857[0m
MCC å€¼:          [31m0.4099[0m
========================================
ç¬¬ 1 æŠ˜æµ‹è¯•ç»“æœ: [ACC: 0.7087, Precision: 0.4421, Recall: 0.6300, F1: 0.5196, AUC: 0.7621, MCC: 0.3300]
ç¬¬ 2 æŠ˜æµ‹è¯•ç»“æœ: [ACC: 0.7175, Precision: 0.4381, Recall: 0.4600, F1: 0.4488, AUC: 0.7009, MCC: 0.2592]
ç¬¬ 3 æŠ˜æµ‹è¯•ç»“æœ: [ACC: 0.6813, Precision: 0.3878, Recall: 0.4750, F1: 0.4270, AUC: 0.6585, MCC: 0.2114]
ç¬¬ 4 æŠ˜æµ‹è¯•ç»“æœ: [ACC: 0.7562, Precision: 0.5131, Recall: 0.4900, F1: 0.5013, AUC: 0.7491, MCC: 0.3403]
ç¬¬ 5 æŠ˜æµ‹è¯•ç»“æœ: [ACC: 0.7588, Precision: 0.5141, Recall: 0.6400, F1: 0.5702, AUC: 0.7857, MCC: 0.4099]
æœ€ä½³æ¨¡å‹ä¿å­˜ä¸º: ./Task1Model/best_model_fold_1_acc_0.7891.pt
ç¬¬ 1 æŠ˜ / 5 æŠ˜

epoch: 1, loss: 39.59533
train_acc: 0.7395, time: 5.28
================ éªŒè¯æ€§èƒ½. Epoch[1] ================
[ACC,	Precision,	Recall,	F1,	AUC,	MCC]
0.7922,	0.0000,	0.0000,	0.0000,	0.5505,	0.0000
============================================================

epoch: 2, loss: 37.99136
train_acc: 0.7395, time: 1.93
================ éªŒè¯æ€§èƒ½. Epoch[2] ================
[ACC,	Precision,	Recall,	F1,	AUC,	MCC]
0.7922,	0.0000,	0.0000,	0.0000,	0.6172,	0.0000
============================================================

epoch: 3, loss: 36.98182
train_acc: 0.7395, time: 1.93
================ éªŒè¯æ€§èƒ½. Epoch[3] ================
[ACC,	Precision,	Recall,	F1,	AUC,	MCC]
0.7922,	0.0000,	0.0000,	0.0000,	0.6651,	0.0000
============================================================

epoch: 4, loss: 35.75901
train_acc: 0.7395, time: 1.96
================ éªŒè¯æ€§èƒ½. Epoch[4] ================
[ACC,	Precision,	Recall,	F1,	AUC,	MCC]
0.7922,	0.0000,	0.0000,	0.0000,	0.6789,	0.0000
============================================================

epoch: 5, loss: 33.64626
train_acc: 0.7746, time: 1.94
================ éªŒè¯æ€§èƒ½. Epoch[5] ================
[ACC,	Precision,	Recall,	F1,	AUC,	MCC]
0.7688,	0.3529,	0.1353,	0.1957,	0.6918,	0.1053
============================================================

epoch: 6, loss: 32.21199
train_acc: 0.7781, time: 1.96
================ éªŒè¯æ€§èƒ½. Epoch[6] ================
[ACC,	Precision,	Recall,	F1,	AUC,	MCC]
0.7656,	0.3896,	0.2256,	0.2857,	0.7027,	0.1657
============================================================

epoch: 7, loss: 31.47346
train_acc: 0.7867, time: 1.94
================ éªŒè¯æ€§èƒ½. Epoch[7] ================
[ACC,	Precision,	Recall,	F1,	AUC,	MCC]
0.7812,	0.4507,	0.2406,	0.3137,	0.7099,	0.2115
============================================================

epoch: 8, loss: 30.33916
train_acc: 0.7941, time: 1.94
================ éªŒè¯æ€§èƒ½. Epoch[8] ================
[ACC,	Precision,	Recall,	F1,	AUC,	MCC]
0.7750,	0.4225,	0.2256,	0.2941,	0.7096,	0.1869
============================================================

epoch: 9, loss: 30.27937
train_acc: 0.7973, time: 1.96
================ éªŒè¯æ€§èƒ½. Epoch[9] ================
[ACC,	Precision,	Recall,	F1,	AUC,	MCC]
0.7766,	0.4265,	0.2180,	0.2886,	0.7125,	0.1858
============================================================

epoch: 10, loss: 29.75313
train_acc: 0.8031, time: 1.96
================ éªŒè¯æ€§èƒ½. Epoch[10] ================
[ACC,	Precision,	Recall,	F1,	AUC,	MCC]
0.7703,	0.4239,	0.2932,	0.3467,	0.7137,	0.2182
============================================================

epoch: 11, loss: 29.07359
train_acc: 0.8043, time: 1.95
================ éªŒè¯æ€§èƒ½. Epoch[11] ================
[ACC,	Precision,	Recall,	F1,	AUC,	MCC]
0.7797,	0.4459,	0.2481,	0.3188,	0.7161,	0.2122
============================================================
æå‰åœæ­¢ï¼Œå¿è€å€¼å·²è¾¾åˆ° 5ã€‚
ç¬¬ 1 æŠ˜ å½“å‰æœ€ä½³éªŒè¯æ•ˆæœ (ACC): 0.7922
========================================
[31m         æµ‹è¯•ç»“æœ[0m
========================================
å‡†ç¡®ç‡ (ACC):      [31m0.7863[0m
ç²¾å‡†ç‡ (Precision): [31m0.6495[0m
å¬å›ç‡ (Recall):    [31m0.3150[0m
F1 å€¼:           [31m0.4242[0m
AUC å€¼:          [31m0.7669[0m
MCC å€¼:          [31m0.3427[0m
========================================
ç¬¬ 2 æŠ˜ / 5 æŠ˜

epoch: 1, loss: 43.39016
train_acc: 0.7527, time: 1.96
================ éªŒè¯æ€§èƒ½. Epoch[1] ================
[ACC,	Precision,	Recall,	F1,	AUC,	MCC]
0.7391,	0.0000,	0.0000,	0.0000,	0.4909,	0.0000
============================================================

epoch: 2, loss: 40.48355
train_acc: 0.7527, time: 1.98
================ éªŒè¯æ€§èƒ½. Epoch[2] ================
[ACC,	Precision,	Recall,	F1,	AUC,	MCC]
0.7391,	0.0000,	0.0000,	0.0000,	0.5809,	0.0000
============================================================

epoch: 3, loss: 38.28398
train_acc: 0.7527, time: 2.22
================ éªŒè¯æ€§èƒ½. Epoch[3] ================
[ACC,	Precision,	Recall,	F1,	AUC,	MCC]
0.7391,	0.0000,	0.0000,	0.0000,	0.6339,	0.0000
============================================================

epoch: 4, loss: 36.37171
train_acc: 0.7531, time: 2.50
================ éªŒè¯æ€§èƒ½. Epoch[4] ================
[ACC,	Precision,	Recall,	F1,	AUC,	MCC]
0.7391,	0.0000,	0.0000,	0.0000,	0.6742,	0.0000
============================================================

epoch: 5, loss: 34.38625
train_acc: 0.7668, time: 2.41
================ éªŒè¯æ€§èƒ½. Epoch[5] ================
[ACC,	Precision,	Recall,	F1,	AUC,	MCC]
0.7578,	0.6765,	0.1377,	0.2289,	0.6931,	0.2241
============================================================

epoch: 6, loss: 32.77099
train_acc: 0.7789, time: 2.47
================ éªŒè¯æ€§èƒ½. Epoch[6] ================
[ACC,	Precision,	Recall,	F1,	AUC,	MCC]
0.7672,	0.6667,	0.2156,	0.3258,	0.7137,	0.2805
============================================================
æå‰åœæ­¢ï¼Œå¿è€å€¼å·²è¾¾åˆ° 5ã€‚
ç¬¬ 2 æŠ˜ å½“å‰æœ€ä½³éªŒè¯æ•ˆæœ (ACC): 0.7672
========================================
[31m         æµ‹è¯•ç»“æœ[0m
========================================
å‡†ç¡®ç‡ (ACC):      [31m0.7688[0m
ç²¾å‡†ç‡ (Precision): [31m0.6119[0m
å¬å›ç‡ (Recall):    [31m0.2050[0m
F1 å€¼:           [31m0.3071[0m
AUC å€¼:          [31m0.7250[0m
MCC å€¼:          [31m0.2527[0m
========================================
ç¬¬ 3 æŠ˜ / 5 æŠ˜

epoch: 1, loss: 43.12877
train_acc: 0.7504, time: 2.33
================ éªŒè¯æ€§èƒ½. Epoch[1] ================
[ACC,	Precision,	Recall,	F1,	AUC,	MCC]
0.7469,	0.6667,	0.0364,	0.0690,	0.5356,	0.1116
============================================================

epoch: 2, loss: 40.28235
train_acc: 0.7520, time: 2.42
================ éªŒè¯æ€§èƒ½. Epoch[2] ================
[ACC,	Precision,	Recall,	F1,	AUC,	MCC]
0.7422,	0.0000,	0.0000,	0.0000,	0.6164,	0.0000
============================================================

epoch: 3, loss: 38.17891
train_acc: 0.7520, time: 2.39
================ éªŒè¯æ€§èƒ½. Epoch[3] ================
[ACC,	Precision,	Recall,	F1,	AUC,	MCC]
0.7422,	0.0000,	0.0000,	0.0000,	0.6686,	0.0000
============================================================

epoch: 4, loss: 36.56972
train_acc: 0.7574, time: 2.41
================ éªŒè¯æ€§èƒ½. Epoch[4] ================
[ACC,	Precision,	Recall,	F1,	AUC,	MCC]
0.7500,	1.0000,	0.0303,	0.0588,	0.6787,	0.1506
============================================================

epoch: 5, loss: 35.02810
train_acc: 0.7379, time: 2.33
================ éªŒè¯æ€§èƒ½. Epoch[5] ================
[ACC,	Precision,	Recall,	F1,	AUC,	MCC]
0.7031,	0.4113,	0.3515,	0.3791,	0.6794,	0.1866
============================================================

epoch: 6, loss: 33.61055
train_acc: 0.7473, time: 2.39
================ éªŒè¯æ€§èƒ½. Epoch[6] ================
[ACC,	Precision,	Recall,	F1,	AUC,	MCC]
0.6937,	0.4061,	0.4061,	0.4061,	0.6899,	0.1997
============================================================

epoch: 7, loss: 32.48339
train_acc: 0.7469, time: 2.41
================ éªŒè¯æ€§èƒ½. Epoch[7] ================
[ACC,	Precision,	Recall,	F1,	AUC,	MCC]
0.6859,	0.4072,	0.4788,	0.4401,	0.6943,	0.2253
============================================================

epoch: 8, loss: 31.67960
train_acc: 0.7516, time: 2.37
================ éªŒè¯æ€§èƒ½. Epoch[8] ================
[ACC,	Precision,	Recall,	F1,	AUC,	MCC]
0.6875,	0.4163,	0.5273,	0.4652,	0.7046,	0.2523
============================================================

epoch: 9, loss: 30.82157
train_acc: 0.7766, time: 2.35
================ éªŒè¯æ€§èƒ½. Epoch[9] ================
[ACC,	Precision,	Recall,	F1,	AUC,	MCC]
0.7125,	0.4486,	0.5030,	0.4743,	0.7090,	0.2782
============================================================

epoch: 10, loss: 30.03029
train_acc: 0.7719, time: 2.33
================ éªŒè¯æ€§èƒ½. Epoch[10] ================
[ACC,	Precision,	Recall,	F1,	AUC,	MCC]
0.7000,	0.4354,	0.5515,	0.4866,	0.7150,	0.2827
============================================================

epoch: 11, loss: 28.94467
train_acc: 0.7883, time: 2.34
================ éªŒè¯æ€§èƒ½. Epoch[11] ================
[ACC,	Precision,	Recall,	F1,	AUC,	MCC]
0.7094,	0.4488,	0.5576,	0.4973,	0.7216,	0.2997
============================================================

epoch: 12, loss: 28.37896
train_acc: 0.8051, time: 2.39
================ éªŒè¯æ€§èƒ½. Epoch[12] ================
[ACC,	Precision,	Recall,	F1,	AUC,	MCC]
0.7125,	0.4486,	0.5030,	0.4743,	0.7229,	0.2782
============================================================
æå‰åœæ­¢ï¼Œå¿è€å€¼å·²è¾¾åˆ° 5ã€‚
ç¬¬ 3 æŠ˜ å½“å‰æœ€ä½³éªŒè¯æ•ˆæœ (ACC): 0.7500
========================================
[31m         æµ‹è¯•ç»“æœ[0m
========================================
å‡†ç¡®ç‡ (ACC):      [31m0.7400[0m
ç²¾å‡†ç‡ (Precision): [31m0.4823[0m
å¬å›ç‡ (Recall):    [31m0.5450[0m
F1 å€¼:           [31m0.5117[0m
AUC å€¼:          [31m0.7504[0m
MCC å€¼:          [31m0.3366[0m
========================================
ç¬¬ 4 æŠ˜ / 5 æŠ˜

epoch: 1, loss: 40.07852
train_acc: 0.7523, time: 2.41
================ éªŒè¯æ€§èƒ½. Epoch[1] ================
[ACC,	Precision,	Recall,	F1,	AUC,	MCC]
0.7406,	0.0000,	0.0000,	0.0000,	0.5612,	0.0000
============================================================

epoch: 2, loss: 38.02814
train_acc: 0.7523, time: 2.28
================ éªŒè¯æ€§èƒ½. Epoch[2] ================
[ACC,	Precision,	Recall,	F1,	AUC,	MCC]
0.7406,	0.0000,	0.0000,	0.0000,	0.6046,	0.0000
============================================================

epoch: 3, loss: 36.68955
train_acc: 0.7523, time: 2.27
================ éªŒè¯æ€§èƒ½. Epoch[3] ================
[ACC,	Precision,	Recall,	F1,	AUC,	MCC]
0.7406,	0.0000,	0.0000,	0.0000,	0.6447,	0.0000
============================================================

epoch: 4, loss: 35.78155
train_acc: 0.7523, time: 2.36
================ éªŒè¯æ€§èƒ½. Epoch[4] ================
[ACC,	Precision,	Recall,	F1,	AUC,	MCC]
0.7406,	0.0000,	0.0000,	0.0000,	0.6831,	0.0000
============================================================

epoch: 5, loss: 35.05320
train_acc: 0.7555, time: 2.57
================ éªŒè¯æ€§èƒ½. Epoch[5] ================
[ACC,	Precision,	Recall,	F1,	AUC,	MCC]
0.7391,	0.0000,	0.0000,	0.0000,	0.7115,	-0.0234
============================================================

epoch: 6, loss: 33.70842
train_acc: 0.6980, time: 2.43
================ éªŒè¯æ€§èƒ½. Epoch[6] ================
[ACC,	Precision,	Recall,	F1,	AUC,	MCC]
0.6891,	0.4310,	0.6205,	0.5086,	0.7248,	0.3022
============================================================

epoch: 7, loss: 32.13086
train_acc: 0.6078, time: 2.22
================ éªŒè¯æ€§èƒ½. Epoch[7] ================
[ACC,	Precision,	Recall,	F1,	AUC,	MCC]
0.5875,	0.3690,	0.8313,	0.5111,	0.7325,	0.2965
============================================================

epoch: 8, loss: 31.29957
train_acc: 0.5449, time: 2.28
================ éªŒè¯æ€§èƒ½. Epoch[8] ================
[ACC,	Precision,	Recall,	F1,	AUC,	MCC]
0.5281,	0.3426,	0.8916,	0.4950,	0.7406,	0.2736
============================================================

epoch: 9, loss: 30.51786
train_acc: 0.6051, time: 2.35
================ éªŒè¯æ€§èƒ½. Epoch[9] ================
[ACC,	Precision,	Recall,	F1,	AUC,	MCC]
0.5734,	0.3646,	0.8675,	0.5134,	0.7480,	0.3047
============================================================

epoch: 10, loss: 29.72396
train_acc: 0.5863, time: 2.41
================ éªŒè¯æ€§èƒ½. Epoch[10] ================
[ACC,	Precision,	Recall,	F1,	AUC,	MCC]
0.5594,	0.3578,	0.8795,	0.5087,	0.7531,	0.2979
============================================================

epoch: 11, loss: 28.88716
train_acc: 0.5664, time: 2.45
================ éªŒè¯æ€§èƒ½. Epoch[11] ================
[ACC,	Precision,	Recall,	F1,	AUC,	MCC]
0.5391,	0.3482,	0.8916,	0.5008,	0.7588,	0.2850
============================================================

epoch: 12, loss: 28.22810
train_acc: 0.5840, time: 2.26
================ éªŒè¯æ€§èƒ½. Epoch[12] ================
[ACC,	Precision,	Recall,	F1,	AUC,	MCC]
0.5547,	0.3580,	0.9036,	0.5128,	0.7634,	0.3098
============================================================

epoch: 13, loss: 27.50704
train_acc: 0.5762, time: 2.34
================ éªŒè¯æ€§èƒ½. Epoch[13] ================
[ACC,	Precision,	Recall,	F1,	AUC,	MCC]
0.5281,	0.3455,	0.9157,	0.5017,	0.7678,	0.2913
============================================================
æå‰åœæ­¢ï¼Œå¿è€å€¼å·²è¾¾åˆ° 5ã€‚
ç¬¬ 4 æŠ˜ å½“å‰æœ€ä½³éªŒè¯æ•ˆæœ (ACC): 0.7406
========================================
[31m         æµ‹è¯•ç»“æœ[0m
========================================
å‡†ç¡®ç‡ (ACC):      [31m0.5275[0m
ç²¾å‡†ç‡ (Precision): [31m0.3288[0m
å¬å›ç‡ (Recall):    [31m0.8550[0m
F1 å€¼:           [31m0.4750[0m
AUC å€¼:          [31m0.7421[0m
MCC å€¼:          [31m0.2481[0m
========================================
ç¬¬ 5 æŠ˜ / 5 æŠ˜

epoch: 1, loss: 36.67921
train_acc: 0.7535, time: 2.43
================ éªŒè¯æ€§èƒ½. Epoch[1] ================
[ACC,	Precision,	Recall,	F1,	AUC,	MCC]
0.7359,	0.0000,	0.0000,	0.0000,	0.5478,	0.0000
============================================================

epoch: 2, loss: 35.80102
train_acc: 0.7535, time: 2.46
================ éªŒè¯æ€§èƒ½. Epoch[2] ================
[ACC,	Precision,	Recall,	F1,	AUC,	MCC]
0.7359,	0.0000,	0.0000,	0.0000,	0.6209,	0.0000
============================================================

epoch: 3, loss: 35.27001
train_acc: 0.7535, time: 2.41
================ éªŒè¯æ€§èƒ½. Epoch[3] ================
[ACC,	Precision,	Recall,	F1,	AUC,	MCC]
0.7359,	0.0000,	0.0000,	0.0000,	0.6682,	0.0000
============================================================

epoch: 4, loss: 34.45430
train_acc: 0.7578, time: 2.48
================ éªŒè¯æ€§èƒ½. Epoch[4] ================
[ACC,	Precision,	Recall,	F1,	AUC,	MCC]
0.7359,	0.5000,	0.0118,	0.0231,	0.6954,	0.0424
============================================================

epoch: 5, loss: 32.87517
train_acc: 0.7344, time: 2.56
================ éªŒè¯æ€§èƒ½. Epoch[5] ================
[ACC,	Precision,	Recall,	F1,	AUC,	MCC]
0.7188,	0.4706,	0.5207,	0.4944,	0.7123,	0.3010
============================================================

epoch: 6, loss: 31.67703
train_acc: 0.7051, time: 2.54
================ éªŒè¯æ€§èƒ½. Epoch[6] ================
[ACC,	Precision,	Recall,	F1,	AUC,	MCC]
0.6781,	0.4291,	0.6627,	0.5209,	0.7263,	0.3107
============================================================

epoch: 7, loss: 30.50021
train_acc: 0.7074, time: 2.52
================ éªŒè¯æ€§èƒ½. Epoch[7] ================
[ACC,	Precision,	Recall,	F1,	AUC,	MCC]
0.6766,	0.4275,	0.6627,	0.5197,	0.7348,	0.3086
============================================================

epoch: 8, loss: 29.96458
train_acc: 0.6871, time: 2.49
================ éªŒè¯æ€§èƒ½. Epoch[8] ================
[ACC,	Precision,	Recall,	F1,	AUC,	MCC]
0.6516,	0.4082,	0.7101,	0.5184,	0.7369,	0.3013
============================================================

epoch: 9, loss: 29.06447
train_acc: 0.6930, time: 2.56
================ éªŒè¯æ€§èƒ½. Epoch[9] ================
[ACC,	Precision,	Recall,	F1,	AUC,	MCC]
0.6375,	0.3939,	0.6923,	0.5021,	0.7339,	0.2742
============================================================

epoch: 10, loss: 28.52794
train_acc: 0.7125, time: 2.57
================ éªŒè¯æ€§èƒ½. Epoch[10] ================
[ACC,	Precision,	Recall,	F1,	AUC,	MCC]
0.6453,	0.4007,	0.6923,	0.5076,	0.7399,	0.2839
============================================================

epoch: 11, loss: 27.91054
train_acc: 0.6680, time: 2.55
================ éªŒè¯æ€§èƒ½. Epoch[11] ================
[ACC,	Precision,	Recall,	F1,	AUC,	MCC]
0.6094,	0.3805,	0.7633,	0.5079,	0.7350,	0.2804
============================================================

epoch: 12, loss: 26.96068
train_acc: 0.7039, time: 2.47
================ éªŒè¯æ€§èƒ½. Epoch[12] ================
[ACC,	Precision,	Recall,	F1,	AUC,	MCC]
0.6094,	0.3754,	0.7219,	0.4939,	0.7309,	0.2565
============================================================

epoch: 13, loss: 26.17101
train_acc: 0.7109, time: 2.43
================ éªŒè¯æ€§èƒ½. Epoch[13] ================
[ACC,	Precision,	Recall,	F1,	AUC,	MCC]
0.6078,	0.3735,	0.7160,	0.4909,	0.7229,	0.2513
============================================================

epoch: 14, loss: 24.91739
train_acc: 0.7203, time: 2.51
================ éªŒè¯æ€§èƒ½. Epoch[14] ================
[ACC,	Precision,	Recall,	F1,	AUC,	MCC]
0.6031,	0.3716,	0.7278,	0.4920,	0.7117,	0.2525
============================================================

epoch: 15, loss: 23.52187
train_acc: 0.7188, time: 2.51
================ éªŒè¯æ€§èƒ½. Epoch[15] ================
[ACC,	Precision,	Recall,	F1,	AUC,	MCC]
0.5984,	0.3713,	0.7515,	0.4971,	0.7046,	0.2607
============================================================

epoch: 16, loss: 22.51913
train_acc: 0.7449, time: 2.61
================ éªŒè¯æ€§èƒ½. Epoch[16] ================
[ACC,	Precision,	Recall,	F1,	AUC,	MCC]
0.6078,	0.3735,	0.7160,	0.4909,	0.7037,	0.2513
============================================================

epoch: 17, loss: 21.20111
train_acc: 0.7508, time: 2.56
================ éªŒè¯æ€§èƒ½. Epoch[17] ================
[ACC,	Precision,	Recall,	F1,	AUC,	MCC]
0.5953,	0.3628,	0.7041,	0.4789,	0.6928,	0.2297
============================================================

epoch: 18, loss: 19.37145
train_acc: 0.7961, time: 2.46
================ éªŒè¯æ€§èƒ½. Epoch[18] ================
[ACC,	Precision,	Recall,	F1,	AUC,	MCC]
0.6281,	0.3861,	0.6923,	0.4958,	0.6867,	0.2626
============================================================

epoch: 19, loss: 17.66780
train_acc: 0.8059, time: 2.48
================ éªŒè¯æ€§èƒ½. Epoch[19] ================
[ACC,	Precision,	Recall,	F1,	AUC,	MCC]
0.6250,	0.3828,	0.6864,	0.4915,	0.6848,	0.2555
============================================================

epoch: 20, loss: 15.90238
train_acc: 0.8496, time: 2.43
================ éªŒè¯æ€§èƒ½. Epoch[20] ================
[ACC,	Precision,	Recall,	F1,	AUC,	MCC]
0.6406,	0.3883,	0.6272,	0.4796,	0.6815,	0.2430
============================================================

epoch: 21, loss: 14.45932
train_acc: 0.8574, time: 2.54
================ éªŒè¯æ€§èƒ½. Epoch[21] ================
[ACC,	Precision,	Recall,	F1,	AUC,	MCC]
0.6312,	0.3773,	0.6095,	0.4661,	0.6702,	0.2215
============================================================

epoch: 22, loss: 12.19271
train_acc: 0.8844, time: 2.53
================ éªŒè¯æ€§èƒ½. Epoch[22] ================
[ACC,	Precision,	Recall,	F1,	AUC,	MCC]
0.6344,	0.3764,	0.5858,	0.4583,	0.6664,	0.2129
============================================================
æå‰åœæ­¢ï¼Œå¿è€å€¼å·²è¾¾åˆ° 5ã€‚
ç¬¬ 5 æŠ˜ å½“å‰æœ€ä½³éªŒè¯æ•ˆæœ (ACC): 0.7359
========================================
[31m         æµ‹è¯•ç»“æœ[0m
========================================
å‡†ç¡®ç‡ (ACC):      [31m0.6525[0m
ç²¾å‡†ç‡ (Precision): [31m0.3866[0m
å¬å›ç‡ (Recall):    [31m0.6650[0m
F1 å€¼:           [31m0.4890[0m
AUC å€¼:          [31m0.6997[0m
MCC å€¼:          [31m0.2741[0m
========================================
ç¬¬ 1 æŠ˜æµ‹è¯•ç»“æœ: [ACC: 0.7863, Precision: 0.6495, Recall: 0.3150, F1: 0.4242, AUC: 0.7669, MCC: 0.3427]
ç¬¬ 2 æŠ˜æµ‹è¯•ç»“æœ: [ACC: 0.7688, Precision: 0.6119, Recall: 0.2050, F1: 0.3071, AUC: 0.7250, MCC: 0.2527]
ç¬¬ 3 æŠ˜æµ‹è¯•ç»“æœ: [ACC: 0.7400, Precision: 0.4823, Recall: 0.5450, F1: 0.5117, AUC: 0.7504, MCC: 0.3366]
ç¬¬ 4 æŠ˜æµ‹è¯•ç»“æœ: [ACC: 0.5275, Precision: 0.3288, Recall: 0.8550, F1: 0.4750, AUC: 0.7421, MCC: 0.2481]
ç¬¬ 5 æŠ˜æµ‹è¯•ç»“æœ: [ACC: 0.6525, Precision: 0.3866, Recall: 0.6650, F1: 0.4890, AUC: 0.6997, MCC: 0.2741]
æœ€ä½³æ¨¡å‹ä¿å­˜ä¸º: ./Task1Model/best_model_fold_1_acc_0.7922.pt
